C++|肖江|1007|1000|65535|1&2&3&4&5&6&7&8&9&10&11&12&13&14&15&16&17&18&19&20
运行ID:8   用户:肖江  题号:1007 语言:C++
编译中...
编译完成
程序发生异常，正在重测...
程序发生异常，正在重测...
程序发生异常，正在重测...
程序发生异常，正在重测...
程序发生异常，正在重测...
#测试点 1: Accepted           耗时：0    退出码为0x0
#测试点 2: Accepted           耗时：15   退出码为0x0
#测试点 3: Accepted           耗时：0    退出码为0x0
#测试点 4: Accepted           耗时：0    退出码为0x0
#测试点 5: Accepted           耗时：0    退出码为0x0
#测试点 6: Accepted           耗时：15   退出码为0x0
#测试点 7: Accepted           耗时：0    退出码为0x0
#测试点 8: Accepted           耗时：0    退出码为0x0
#测试点 9: Accepted           耗时：0    退出码为0x0
#测试点10: Accepted           耗时：15   退出码为0x0
#测试点11: Accepted           耗时：0    退出码为0x0
#测试点12: Accepted           耗时：15   退出码为0x0
#测试点13: Accepted           耗时：0    退出码为0x0
#测试点14: Accepted           耗时：0    退出码为0x0
#测试点15: Accepted           耗时：0    退出码为0x0
#测试点16: Accepted           耗时：0    退出码为0x0
#测试点17: Accepted           耗时：0    退出码为0x0
#测试点18: Accepted           耗时：15   退出码为0x0
#测试点19: Accepted           耗时：0    退出码为0x0
#测试点20: Accepted           耗时：0    退出码为0x0
结果：Accepted, 耗时：15, 代码长度:248

